0 info it worked if it ends with ok
1 verbose cli [ '/Users/rik/.nvm/versions/node/v0.12.5/bin/node',
1 verbose cli   '/Users/rik/.nvm/versions/node/v0.12.5/bin/npm',
1 verbose cli   'run',
1 verbose cli   'build' ]
2 info using npm@2.11.2
3 info using node@v0.12.5
4 verbose run-script [ 'prebuild', 'build', 'postbuild' ]
5 info prebuild frontend-view@0.0.3
6 info build frontend-view@0.0.3
7 verbose unsafe-perm in lifecycle true
8 info frontend-view@0.0.3 Failed to exec build script
9 verbose stack Error: frontend-view@0.0.3 build: `gulp build`
9 verbose stack Exit status 1
9 verbose stack     at EventEmitter.<anonymous> (/Users/rik/.nvm/versions/node/v0.12.5/lib/node_modules/npm/lib/utils/lifecycle.js:213:16)
9 verbose stack     at EventEmitter.emit (events.js:110:17)
9 verbose stack     at ChildProcess.<anonymous> (/Users/rik/.nvm/versions/node/v0.12.5/lib/node_modules/npm/lib/utils/spawn.js:24:14)
9 verbose stack     at ChildProcess.emit (events.js:110:17)
9 verbose stack     at maybeClose (child_process.js:1015:16)
9 verbose stack     at Process.ChildProcess._handle.onexit (child_process.js:1087:5)
10 verbose pkgid frontend-view@0.0.3
11 verbose cwd /Users/rik/GitHub/view
12 error Darwin 14.5.0
13 error argv "/Users/rik/.nvm/versions/node/v0.12.5/bin/node" "/Users/rik/.nvm/versions/node/v0.12.5/bin/npm" "run" "build"
14 error node v0.12.5
15 error npm  v2.11.2
16 error code ELIFECYCLE
17 error frontend-view@0.0.3 build: `gulp build`
17 error Exit status 1
18 error Failed at the frontend-view@0.0.3 build script 'gulp build'.
18 error This is most likely a problem with the frontend-view package,
18 error not with npm itself.
18 error Tell the author that this fails on your system:
18 error     gulp build
18 error You can get their info via:
18 error     npm owner ls frontend-view
18 error There is likely additional logging output above.
19 verbose exit [ 1, true ]
